# JRE version: OpenJDK Runtime Environment (8.0_152-b02) (build 1.8.0_152-release-1024-b02)
# Java VM: OpenJDK 64-Bit Server VM (25.152-b02 mixed mode windows-amd64 compressed oops)
Heap:
 PSYoungGen      total 475136K, used 367087K [0x00000000e0000000, 0x00000000ffc00000, 0x0000000100000000)
  eden space 432128K, 84% used [0x00000000e0000000,0x00000000f638d3f0,0x00000000fa600000)
  from space 43008K, 6% used [0x00000000fa600000,0x00000000fa8eeae8,0x00000000fd000000)
  to   space 40448K, 0% used [0x00000000fd480000,0x00000000fd480000,0x00000000ffc00000)
 ParOldGen       total 159232K, used 92191K [0x00000000a0000000, 0x00000000a9b80000, 0x00000000e0000000)
  object space 159232K, 57% used [0x00000000a0000000,0x00000000a5a07d68,0x00000000a9b80000)
 Metaspace       used 83971K, capacity 87470K, committed 87640K, reserved 1126400K
  class space    used 10397K, capacity 11092K, committed 11136K, reserved 1048576K
GC Heap History (10 events):
Event: 2129.231 GC heap before
{Heap before GC invocations=32 (full 5):
 PSYoungGen      total 465408K, used 417981K [0x00000000e0000000, 0x00000000ff980000, 0x0000000100000000)
  eden space 414208K, 100% used [0x00000000e0000000,0x00000000f9480000,0x00000000f9480000)
  from space 51200K, 7% used [0x00000000fc780000,0x00000000fcb2f5e0,0x00000000ff980000)
  to   space 51712K, 0% used [0x00000000f9480000,0x00000000f9480000,0x00000000fc700000)
 ParOldGen       total 159232K, used 92143K [0x00000000a0000000, 0x00000000a9b80000, 0x00000000e0000000)
  object space 159232K, 57% used [0x00000000a0000000,0x00000000a59fbd68,0x00000000a9b80000)
 Metaspace       used 83068K, capacity 86506K, committed 86616K, reserved 1124352K
  class space    used 10333K, capacity 11028K, committed 11136K, reserved 1048576K
Event: 2129.257 GC heap after
Heap after GC invocations=32 (full 5):
 PSYoungGen      total 465920K, used 1419K [0x00000000e0000000, 0x00000000ffc80000, 0x0000000100000000)
  eden space 414208K, 0% used [0x00000000e0000000,0x00000000e0000000,0x00000000f9480000)
  from space 51712K, 2% used [0x00000000f9480000,0x00000000f95e2ee8,0x00000000fc700000)
  to   space 49664K, 0% used [0x00000000fcc00000,0x00000000fcc00000,0x00000000ffc80000)
 ParOldGen       total 159232K, used 92151K [0x00000000a0000000, 0x00000000a9b80000, 0x00000000e0000000)
  object space 159232K, 57% used [0x00000000a0000000,0x00000000a59fdd68,0x00000000a9b80000)
 Metaspace       used 83068K, capacity 86506K, committed 86616K, reserved 1124352K
  class space    used 10333K, capacity 11028K, committed 11136K, reserved 1048576K
}
Event: 2138.690 GC heap before
{Heap before GC invocations=33 (full 5):
 PSYoungGen      total 465920K, used 415627K [0x00000000e0000000, 0x00000000ffc80000, 0x0000000100000000)
  eden space 414208K, 100% used [0x00000000e0000000,0x00000000f9480000,0x00000000f9480000)
  from space 51712K, 2% used [0x00000000f9480000,0x00000000f95e2ee8,0x00000000fc700000)
  to   space 49664K, 0% used [0x00000000fcc00000,0x00000000fcc00000,0x00000000ffc80000)
 ParOldGen       total 159232K, used 92151K [0x00000000a0000000, 0x00000000a9b80000, 0x00000000e0000000)
  object space 159232K, 57% used [0x00000000a0000000,0x00000000a59fdd68,0x00000000a9b80000)
 Metaspace       used 83089K, capacity 86574K, committed 86872K, reserved 1124352K
  class space    used 10333K, capacity 11028K, committed 11136K, reserved 1048576K
Event: 2138.717 GC heap after
Heap after GC invocations=33 (full 5):
 PSYoungGen      total 468992K, used 5900K [0x00000000e0000000, 0x00000000ff900000, 0x0000000100000000)
  eden space 422912K, 0% used [0x00000000e0000000,0x00000000e0000000,0x00000000f9d00000)
  from space 46080K, 12% used [0x00000000fcc00000,0x00000000fd1c3330,0x00000000ff900000)
  to   space 47104K, 0% used [0x00000000f9d00000,0x00000000f9d00000,0x00000000fcb00000)
 ParOldGen       total 159232K, used 92159K [0x00000000a0000000, 0x00000000a9b80000, 0x00000000e0000000)
  object space 159232K, 57% used [0x00000000a0000000,0x00000000a59ffd68,0x00000000a9b80000)
 Metaspace       used 83089K, capacity 86574K, committed 86872K, reserved 1124352K
  class space    used 10333K, capacity 11028K, committed 11136K, reserved 1048576K
}
Event: 2144.365 GC heap before
{Heap before GC invocations=34 (full 5):
 PSYoungGen      total 468992K, used 428812K [0x00000000e0000000, 0x00000000ff900000, 0x0000000100000000)
  eden space 422912K, 100% used [0x00000000e0000000,0x00000000f9d00000,0x00000000f9d00000)
  from space 46080K, 12% used [0x00000000fcc00000,0x00000000fd1c3330,0x00000000ff900000)
  to   space 47104K, 0% used [0x00000000f9d00000,0x00000000f9d00000,0x00000000fcb00000)
 ParOldGen       total 159232K, used 92159K [0x00000000a0000000, 0x00000000a9b80000, 0x00000000e0000000)
  object space 159232K, 57% used [0x00000000a0000000,0x00000000a59ffd68,0x00000000a9b80000)
 Metaspace       used 83103K, capacity 86574K, committed 86872K, reserved 1124352K
  class space    used 10334K, capacity 11028K, committed 11136K, reserved 1048576K
Event: 2144.653 GC heap after
Heap after GC invocations=34 (full 5):
 PSYoungGen      total 470016K, used 2064K [0x00000000e0000000, 0x00000000ffd00000, 0x0000000100000000)
  eden space 422912K, 0% used [0x00000000e0000000,0x00000000e0000000,0x00000000f9d00000)
  from space 47104K, 4% used [0x00000000f9d00000,0x00000000f9f04010,0x00000000fcb00000)
  to   space 45056K, 0% used [0x00000000fd100000,0x00000000fd100000,0x00000000ffd00000)
 ParOldGen       total 159232K, used 92167K [0x00000000a0000000, 0x00000000a9b80000, 0x00000000e0000000)
  object space 159232K, 57% used [0x00000000a0000000,0x00000000a5a01d68,0x00000000a9b80000)
 Metaspace       used 83103K, capacity 86574K, committed 86872K, reserved 1124352K
  class space    used 10334K, capacity 11028K, committed 11136K, reserved 1048576K
}
Event: 2150.274 GC heap before
{Heap before GC invocations=35 (full 5):
 PSYoungGen      total 470016K, used 424976K [0x00000000e0000000, 0x00000000ffd00000, 0x0000000100000000)
  eden space 422912K, 100% used [0x00000000e0000000,0x00000000f9d00000,0x00000000f9d00000)
  from space 47104K, 4% used [0x00000000f9d00000,0x00000000f9f04010,0x00000000fcb00000)
  to   space 45056K, 0% used [0x00000000fd100000,0x00000000fd100000,0x00000000ffd00000)
 ParOldGen       total 159232K, used 92167K [0x00000000a0000000, 0x00000000a9b80000, 0x00000000e0000000)
  object space 159232K, 57% used [0x00000000a0000000,0x00000000a5a01d68,0x00000000a9b80000)
 Metaspace       used 83140K, capacity 86574K, committed 86872K, reserved 1124352K
  class space    used 10334K, capacity 11028K, committed 11136K, reserved 1048576K
Event: 2150.317 GC heap after
Heap after GC invocations=35 (full 5):
 PSYoungGen      total 474112K, used 1600K [0x00000000e0000000, 0x00000000ffa00000, 0x0000000100000000)
  eden space 432128K, 0% used [0x00000000e0000000,0x00000000e0000000,0x00000000fa600000)
  from space 41984K, 3% used [0x00000000fd100000,0x00000000fd290000,0x00000000ffa00000)
  to   space 43008K, 0% used [0x00000000fa600000,0x00000000fa600000,0x00000000fd000000)
 ParOldGen       total 159232K, used 92175K [0x00000000a0000000, 0x00000000a9b80000, 0x00000000e0000000)
  object space 159232K, 57% used [0x00000000a0000000,0x00000000a5a03d68,0x00000000a9b80000)
 Metaspace       used 83140K, capacity 86574K, committed 86872K, reserved 1124352K
  class space    used 10334K, capacity 11028K, committed 11136K, reserved 1048576K
}
Event: 2174.587 GC heap before
{Heap before GC invocations=36 (full 5):
 PSYoungGen      total 474112K, used 433728K [0x00000000e0000000, 0x00000000ffa00000, 0x0000000100000000)
  eden space 432128K, 100% used [0x00000000e0000000,0x00000000fa600000,0x00000000fa600000)
  from space 41984K, 3% used [0x00000000fd100000,0x00000000fd290000,0x00000000ffa00000)
  to   space 43008K, 0% used [0x00000000fa600000,0x00000000fa600000,0x00000000fd000000)
 ParOldGen       total 159232K, used 92175K [0x00000000a0000000, 0x00000000a9b80000, 0x00000000e0000000)
  object space 159232K, 57% used [0x00000000a0000000,0x00000000a5a03d68,0x00000000a9b80000)
 Metaspace       used 83432K, capacity 86886K, committed 87128K, reserved 1126400K
  class space    used 10351K, capacity 11040K, committed 11136K, reserved 1048576K
Event: 2174.603 GC heap after
Heap after GC invocations=36 (full 5):
 PSYoungGen      total 475136K, used 3002K [0x00000000e0000000, 0x00000000ffc00000, 0x0000000100000000)
  eden space 432128K, 0% used [0x00000000e0000000,0x00000000e0000000,0x00000000fa600000)
  from space 43008K, 6% used [0x00000000fa600000,0x00000000fa8eeae8,0x00000000fd000000)
  to   space 40448K, 0% used [0x00000000fd480000,0x00000000fd480000,0x00000000ffc00000)
 ParOldGen       total 159232K, used 92191K [0x00000000a0000000, 0x00000000a9b80000, 0x00000000e0000000)
  object space 159232K, 57% used [0x00000000a0000000,0x00000000a5a07d68,0x00000000a9b80000)
 Metaspace       used 83432K, capacity 86886K, committed 87128K, reserved 1126400K
  class space    used 10351K, capacity 11040K, committed 11136K, reserved 1048576K
}

